Analysis & Synthesis report for Lab3_ZHANG_David
Thu Mar 09 18:37:26 2023
Quartus Prime Version 20.1.0 Build 711 06/05/2020 SJ Lite Edition


---------------------
; Table of Contents ;
---------------------
  1. Legal Notice
  2. Analysis & Synthesis Summary
  3. Analysis & Synthesis Settings
  4. Parallel Compilation
  5. Analysis & Synthesis Source Files Read
  6. Analysis & Synthesis Resource Usage Summary
  7. Analysis & Synthesis Resource Utilization by Entity
  8. State Machine - |Lab3_ZHANG_David|AccessController:MASTER|State
  9. State Machine - |Lab3_ZHANG_David|ButtonShaper:BSC|State
 10. State Machine - |Lab3_ZHANG_David|ButtonShaper:BSP|State
 11. State Machine - |Lab3_ZHANG_David|ButtonShaper:BS1|State
 12. Registers Removed During Synthesis
 13. General Register Statistics
 14. Multiplexer Restructuring Statistics (Restructuring Performed)
 15. Parameter Settings for User Entity Instance: ButtonShaper:BS1
 16. Parameter Settings for User Entity Instance: ButtonShaper:BSP
 17. Parameter Settings for User Entity Instance: ButtonShaper:BSC
 18. Parameter Settings for User Entity Instance: AccessController:MASTER
 19. Parameter Settings for User Entity Instance: oneSecondTimer:internalTimer
 20. Parameter Settings for User Entity Instance: oneSecondTimer:internalTimer|countTo100:counter
 21. Parameter Settings for User Entity Instance: oneSecondTimer:internalTimer|countTo100:counter|countTo10:counter
 22. Parameter Settings for Inferred Entity Instance: lpm_divide:Mod0
 23. Parameter Settings for Inferred Entity Instance: lpm_divide:Div0
 24. Port Connectivity Checks: "digitTimer:TensDigit"
 25. Post-Synthesis Netlist Statistics for Top Partition
 26. Elapsed Time Per Partition
 27. Analysis & Synthesis Messages
 28. Analysis & Synthesis Suppressed Messages



----------------
; Legal Notice ;
----------------
Copyright (C) 2020  Intel Corporation. All rights reserved.
Your use of Intel Corporation's design tools, logic functions 
and other software and tools, and any partner logic 
functions, and any output files from any of the foregoing 
(including device programming or simulation files), and any 
associated documentation or information are expressly subject 
to the terms and conditions of the Intel Program License 
Subscription Agreement, the Intel Quartus Prime License Agreement,
the Intel FPGA IP License Agreement, or other applicable license
agreement, including, without limitation, that your use is for
the sole purpose of programming logic devices manufactured by
Intel and sold by Intel or its authorized distributors.  Please
refer to the applicable agreement for further details, at
https://fpgasoftware.intel.com/eula.



+-------------------------------------------------------------------------------+
; Analysis & Synthesis Summary                                                  ;
+---------------------------------+---------------------------------------------+
; Analysis & Synthesis Status     ; Successful - Thu Mar 09 18:37:26 2023       ;
; Quartus Prime Version           ; 20.1.0 Build 711 06/05/2020 SJ Lite Edition ;
; Revision Name                   ; Lab3_ZHANG_David                            ;
; Top-level Entity Name           ; Lab3_ZHANG_David                            ;
; Family                          ; Cyclone V                                   ;
; Logic utilization (in ALMs)     ; N/A                                         ;
; Total registers                 ; 88                                          ;
; Total pins                      ; 59                                          ;
; Total virtual pins              ; 0                                           ;
; Total block memory bits         ; 0                                           ;
; Total DSP Blocks                ; 0                                           ;
; Total HSSI RX PCSs              ; 0                                           ;
; Total HSSI PMA RX Deserializers ; 0                                           ;
; Total HSSI TX PCSs              ; 0                                           ;
; Total HSSI PMA TX Serializers   ; 0                                           ;
; Total PLLs                      ; 0                                           ;
; Total DLLs                      ; 0                                           ;
+---------------------------------+---------------------------------------------+


+---------------------------------------------------------------------------------------------------------------------------+
; Analysis & Synthesis Settings                                                                                             ;
+---------------------------------------------------------------------------------+--------------------+--------------------+
; Option                                                                          ; Setting            ; Default Value      ;
+---------------------------------------------------------------------------------+--------------------+--------------------+
; Device                                                                          ; 5CEBA4F23C7        ;                    ;
; Top-level entity name                                                           ; Lab3_ZHANG_David   ; Lab3_ZHANG_David   ;
; Family name                                                                     ; Cyclone V          ; Cyclone V          ;
; Use smart compilation                                                           ; Off                ; Off                ;
; Enable parallel Assembler and Timing Analyzer during compilation                ; On                 ; On                 ;
; Enable compact report table                                                     ; Off                ; Off                ;
; Restructure Multiplexers                                                        ; Auto               ; Auto               ;
; MLAB Add Timing Constraints For Mixed-Port Feed-Through Mode Setting Don't Care ; Off                ; Off                ;
; Create Debugging Nodes for IP Cores                                             ; Off                ; Off                ;
; Preserve fewer node names                                                       ; On                 ; On                 ;
; Intel FPGA IP Evaluation Mode                                                   ; Enable             ; Enable             ;
; Verilog Version                                                                 ; Verilog_2001       ; Verilog_2001       ;
; VHDL Version                                                                    ; VHDL_1993          ; VHDL_1993          ;
; State Machine Processing                                                        ; Auto               ; Auto               ;
; Safe State Machine                                                              ; Off                ; Off                ;
; Extract Verilog State Machines                                                  ; On                 ; On                 ;
; Extract VHDL State Machines                                                     ; On                 ; On                 ;
; Ignore Verilog initial constructs                                               ; Off                ; Off                ;
; Iteration limit for constant Verilog loops                                      ; 5000               ; 5000               ;
; Iteration limit for non-constant Verilog loops                                  ; 250                ; 250                ;
; Add Pass-Through Logic to Inferred RAMs                                         ; On                 ; On                 ;
; Infer RAMs from Raw Logic                                                       ; On                 ; On                 ;
; Parallel Synthesis                                                              ; On                 ; On                 ;
; DSP Block Balancing                                                             ; Auto               ; Auto               ;
; NOT Gate Push-Back                                                              ; On                 ; On                 ;
; Power-Up Don't Care                                                             ; On                 ; On                 ;
; Remove Redundant Logic Cells                                                    ; Off                ; Off                ;
; Remove Duplicate Registers                                                      ; On                 ; On                 ;
; Ignore CARRY Buffers                                                            ; Off                ; Off                ;
; Ignore CASCADE Buffers                                                          ; Off                ; Off                ;
; Ignore GLOBAL Buffers                                                           ; Off                ; Off                ;
; Ignore ROW GLOBAL Buffers                                                       ; Off                ; Off                ;
; Ignore LCELL Buffers                                                            ; Off                ; Off                ;
; Ignore SOFT Buffers                                                             ; On                 ; On                 ;
; Limit AHDL Integers to 32 Bits                                                  ; Off                ; Off                ;
; Optimization Technique                                                          ; Balanced           ; Balanced           ;
; Carry Chain Length                                                              ; 70                 ; 70                 ;
; Auto Carry Chains                                                               ; On                 ; On                 ;
; Auto Open-Drain Pins                                                            ; On                 ; On                 ;
; Perform WYSIWYG Primitive Resynthesis                                           ; Off                ; Off                ;
; Auto ROM Replacement                                                            ; On                 ; On                 ;
; Auto RAM Replacement                                                            ; On                 ; On                 ;
; Auto DSP Block Replacement                                                      ; On                 ; On                 ;
; Auto Shift Register Replacement                                                 ; Auto               ; Auto               ;
; Allow Shift Register Merging across Hierarchies                                 ; Auto               ; Auto               ;
; Auto Clock Enable Replacement                                                   ; On                 ; On                 ;
; Strict RAM Replacement                                                          ; Off                ; Off                ;
; Allow Synchronous Control Signals                                               ; On                 ; On                 ;
; Force Use of Synchronous Clear Signals                                          ; Off                ; Off                ;
; Auto Resource Sharing                                                           ; Off                ; Off                ;
; Allow Any RAM Size For Recognition                                              ; Off                ; Off                ;
; Allow Any ROM Size For Recognition                                              ; Off                ; Off                ;
; Allow Any Shift Register Size For Recognition                                   ; Off                ; Off                ;
; Use LogicLock Constraints during Resource Balancing                             ; On                 ; On                 ;
; Ignore translate_off and synthesis_off directives                               ; Off                ; Off                ;
; Timing-Driven Synthesis                                                         ; On                 ; On                 ;
; Report Parameter Settings                                                       ; On                 ; On                 ;
; Report Source Assignments                                                       ; On                 ; On                 ;
; Report Connectivity Checks                                                      ; On                 ; On                 ;
; Ignore Maximum Fan-Out Assignments                                              ; Off                ; Off                ;
; Synchronization Register Chain Length                                           ; 3                  ; 3                  ;
; Power Optimization During Synthesis                                             ; Normal compilation ; Normal compilation ;
; HDL message level                                                               ; Level2             ; Level2             ;
; Suppress Register Optimization Related Messages                                 ; Off                ; Off                ;
; Number of Removed Registers Reported in Synthesis Report                        ; 5000               ; 5000               ;
; Number of Swept Nodes Reported in Synthesis Report                              ; 5000               ; 5000               ;
; Number of Inverted Registers Reported in Synthesis Report                       ; 100                ; 100                ;
; Clock MUX Protection                                                            ; On                 ; On                 ;
; Auto Gated Clock Conversion                                                     ; Off                ; Off                ;
; Block Design Naming                                                             ; Auto               ; Auto               ;
; SDC constraint protection                                                       ; Off                ; Off                ;
; Synthesis Effort                                                                ; Auto               ; Auto               ;
; Shift Register Replacement - Allow Asynchronous Clear Signal                    ; On                 ; On                 ;
; Pre-Mapping Resynthesis Optimization                                            ; Off                ; Off                ;
; Analysis & Synthesis Message Level                                              ; Medium             ; Medium             ;
; Disable Register Merging Across Hierarchies                                     ; Auto               ; Auto               ;
; Resource Aware Inference For Block RAM                                          ; On                 ; On                 ;
; Automatic Parallel Synthesis                                                    ; On                 ; On                 ;
; Partial Reconfiguration Bitstream ID                                            ; Off                ; Off                ;
+---------------------------------------------------------------------------------+--------------------+--------------------+


+------------------------------------------+
; Parallel Compilation                     ;
+----------------------------+-------------+
; Processors                 ; Number      ;
+----------------------------+-------------+
; Number detected on machine ; 12          ;
; Maximum allowed            ; 6           ;
;                            ;             ;
; Average used               ; 1.00        ;
; Maximum used               ; 6           ;
;                            ;             ;
; Usage by Processor         ; % Time Used ;
;     Processor 1            ; 100.0%      ;
;     Processors 2-6         ;   0.0%      ;
+----------------------------+-------------+


+---------------------------------------------------------------------------------------------------------------------------------------------------------------------+
; Analysis & Synthesis Source Files Read                                                                                                                              ;
+----------------------------------+-----------------+------------------------------+-----------------------------------------------------------------------+---------+
; File Name with User-Entered Path ; Used in Netlist ; File Type                    ; File Name with Absolute Path                                          ; Library ;
+----------------------------------+-----------------+------------------------------+-----------------------------------------------------------------------+---------+
; ../src/RNG.v                     ; yes             ; User Verilog HDL File        ; D:/ADD_Demos/Lab3_ZHANG_David/src/RNG.v                               ;         ;
; ../src/LoadRegister.v            ; yes             ; User Verilog HDL File        ; D:/ADD_Demos/Lab3_ZHANG_David/src/LoadRegister.v                      ;         ;
; ../src/digitTimer.v              ; yes             ; User Verilog HDL File        ; D:/ADD_Demos/Lab3_ZHANG_David/src/digitTimer.v                        ;         ;
; ../src/Decoder7Seg.v             ; yes             ; User Verilog HDL File        ; D:/ADD_Demos/Lab3_ZHANG_David/src/Decoder7Seg.v                       ;         ;
; ../src/ButtonShaper.v            ; yes             ; User Verilog HDL File        ; D:/ADD_Demos/Lab3_ZHANG_David/src/ButtonShaper.v                      ;         ;
; ../src/Adder4Bit.v               ; yes             ; User Verilog HDL File        ; D:/ADD_Demos/Lab3_ZHANG_David/src/Adder4Bit.v                         ;         ;
; ../Lab3_ZHANG_David.v            ; yes             ; User Verilog HDL File        ; D:/ADD_Demos/Lab3_ZHANG_David/Lab3_ZHANG_David.v                      ;         ;
; ../sim_mux/mux_2to1.v            ; yes             ; User Verilog HDL File        ; D:/ADD_Demos/Lab3_ZHANG_David/sim_mux/mux_2to1.v                      ;         ;
; countTo100.v                     ; yes             ; User Verilog HDL File        ; D:/ADD_Demos/Lab3_ZHANG_David/syn/countTo100.v                        ;         ;
; countTo10.v                      ; yes             ; User Verilog HDL File        ; D:/ADD_Demos/Lab3_ZHANG_David/syn/countTo10.v                         ;         ;
; AccessController.v               ; yes             ; User Verilog HDL File        ; D:/ADD_Demos/Lab3_ZHANG_David/syn/AccessController.v                  ;         ;
; 1secTimer.v                      ; yes             ; User Verilog HDL File        ; D:/ADD_Demos/Lab3_ZHANG_David/syn/1secTimer.v                         ;         ;
; lpm_divide.tdf                   ; yes             ; Megafunction                 ; d:/intelfpga/20.1/quartus/libraries/megafunctions/lpm_divide.tdf      ;         ;
; abs_divider.inc                  ; yes             ; Megafunction                 ; d:/intelfpga/20.1/quartus/libraries/megafunctions/abs_divider.inc     ;         ;
; sign_div_unsign.inc              ; yes             ; Megafunction                 ; d:/intelfpga/20.1/quartus/libraries/megafunctions/sign_div_unsign.inc ;         ;
; aglobal201.inc                   ; yes             ; Megafunction                 ; d:/intelfpga/20.1/quartus/libraries/megafunctions/aglobal201.inc      ;         ;
; db/lpm_divide_72m.tdf            ; yes             ; Auto-Generated Megafunction  ; D:/ADD_Demos/Lab3_ZHANG_David/syn/db/lpm_divide_72m.tdf               ;         ;
; db/sign_div_unsign_akh.tdf       ; yes             ; Auto-Generated Megafunction  ; D:/ADD_Demos/Lab3_ZHANG_David/syn/db/sign_div_unsign_akh.tdf          ;         ;
; db/alt_u_div_qse.tdf             ; yes             ; Auto-Generated Megafunction  ; D:/ADD_Demos/Lab3_ZHANG_David/syn/db/alt_u_div_qse.tdf                ;         ;
; db/lpm_divide_4am.tdf            ; yes             ; Auto-Generated Megafunction  ; D:/ADD_Demos/Lab3_ZHANG_David/syn/db/lpm_divide_4am.tdf               ;         ;
+----------------------------------+-----------------+------------------------------+-----------------------------------------------------------------------+---------+


+---------------------------------------------------------+
; Analysis & Synthesis Resource Usage Summary             ;
+---------------------------------------------+-----------+
; Resource                                    ; Usage     ;
+---------------------------------------------+-----------+
; Estimate of Logic utilization (ALMs needed) ; 135       ;
;                                             ;           ;
; Combinational ALUT usage for logic          ; 243       ;
;     -- 7 input functions                    ; 1         ;
;     -- 6 input functions                    ; 24        ;
;     -- 5 input functions                    ; 21        ;
;     -- 4 input functions                    ; 56        ;
;     -- <=3 input functions                  ; 141       ;
;                                             ;           ;
; Dedicated logic registers                   ; 88        ;
;                                             ;           ;
; I/O pins                                    ; 59        ;
;                                             ;           ;
; Total DSP Blocks                            ; 0         ;
;                                             ;           ;
; Maximum fan-out node                        ; CLK~input ;
; Maximum fan-out                             ; 88        ;
; Total fan-out                               ; 1195      ;
; Average fan-out                             ; 2.66      ;
+---------------------------------------------+-----------+


+----------------------------------------------------------------------------------------------------------------------------------------------------------------------------------------------------------------------------------------------------------------------------------------------------------+
; Analysis & Synthesis Resource Utilization by Entity                                                                                                                                                                                                                                                      ;
+----------------------------------------+---------------------+---------------------------+-------------------+------------+------+--------------+-------------------------------------------------------------------------------------------------------------------+---------------------+--------------+
; Compilation Hierarchy Node             ; Combinational ALUTs ; Dedicated Logic Registers ; Block Memory Bits ; DSP Blocks ; Pins ; Virtual Pins ; Full Hierarchy Name                                                                                               ; Entity Name         ; Library Name ;
+----------------------------------------+---------------------+---------------------------+-------------------+------------+------+--------------+-------------------------------------------------------------------------------------------------------------------+---------------------+--------------+
; |Lab3_ZHANG_David                      ; 243 (11)            ; 88 (15)                   ; 0                 ; 0          ; 59   ; 0            ; |Lab3_ZHANG_David                                                                                                 ; Lab3_ZHANG_David    ; work         ;
;    |AccessController:MASTER|           ; 20 (20)             ; 17 (17)                   ; 0                 ; 0          ; 0    ; 0            ; |Lab3_ZHANG_David|AccessController:MASTER                                                                         ; AccessController    ; work         ;
;    |Adder4Bit:SUM|                     ; 4 (4)               ; 0 (0)                     ; 0                 ; 0          ; 0    ; 0            ; |Lab3_ZHANG_David|Adder4Bit:SUM                                                                                   ; Adder4Bit           ; work         ;
;    |ButtonShaper:BS1|                  ; 2 (2)               ; 2 (2)                     ; 0                 ; 0          ; 0    ; 0            ; |Lab3_ZHANG_David|ButtonShaper:BS1                                                                                ; ButtonShaper        ; work         ;
;    |ButtonShaper:BSC|                  ; 1 (1)               ; 2 (2)                     ; 0                 ; 0          ; 0    ; 0            ; |Lab3_ZHANG_David|ButtonShaper:BSC                                                                                ; ButtonShaper        ; work         ;
;    |ButtonShaper:BSP|                  ; 2 (2)               ; 2 (2)                     ; 0                 ; 0          ; 0    ; 0            ; |Lab3_ZHANG_David|ButtonShaper:BSP                                                                                ; ButtonShaper        ; work         ;
;    |Decoder7Seg:Ones|                  ; 7 (7)               ; 0 (0)                     ; 0                 ; 0          ; 0    ; 0            ; |Lab3_ZHANG_David|Decoder7Seg:Ones                                                                                ; Decoder7Seg         ; work         ;
;    |Decoder7Seg:P1D|                   ; 7 (7)               ; 0 (0)                     ; 0                 ; 0          ; 0    ; 0            ; |Lab3_ZHANG_David|Decoder7Seg:P1D                                                                                 ; Decoder7Seg         ; work         ;
;    |Decoder7Seg:P2D|                   ; 7 (7)               ; 0 (0)                     ; 0                 ; 0          ; 0    ; 0            ; |Lab3_ZHANG_David|Decoder7Seg:P2D                                                                                 ; Decoder7Seg         ; work         ;
;    |Decoder7Seg:PSD|                   ; 7 (7)               ; 0 (0)                     ; 0                 ; 0          ; 0    ; 0            ; |Lab3_ZHANG_David|Decoder7Seg:PSD                                                                                 ; Decoder7Seg         ; work         ;
;    |Decoder7Seg:Tens|                  ; 7 (7)               ; 0 (0)                     ; 0                 ; 0          ; 0    ; 0            ; |Lab3_ZHANG_David|Decoder7Seg:Tens                                                                                ; Decoder7Seg         ; work         ;
;    |Decoder7Seg:scoreTensDisplay|      ; 7 (7)               ; 0 (0)                     ; 0                 ; 0          ; 0    ; 0            ; |Lab3_ZHANG_David|Decoder7Seg:scoreTensDisplay                                                                    ; Decoder7Seg         ; work         ;
;    |LoadRegister:LR1|                  ; 5 (5)               ; 4 (4)                     ; 0                 ; 0          ; 0    ; 0            ; |Lab3_ZHANG_David|LoadRegister:LR1                                                                                ; LoadRegister        ; work         ;
;    |RNG:RNGesus|                       ; 5 (5)               ; 4 (4)                     ; 0                 ; 0          ; 0    ; 0            ; |Lab3_ZHANG_David|RNG:RNGesus                                                                                     ; RNG                 ; work         ;
;    |digitTimer:OnesDigit|              ; 11 (11)             ; 6 (6)                     ; 0                 ; 0          ; 0    ; 0            ; |Lab3_ZHANG_David|digitTimer:OnesDigit                                                                            ; digitTimer          ; work         ;
;    |digitTimer:TensDigit|              ; 7 (7)               ; 5 (5)                     ; 0                 ; 0          ; 0    ; 0            ; |Lab3_ZHANG_David|digitTimer:TensDigit                                                                            ; digitTimer          ; work         ;
;    |lpm_divide:Div0|                   ; 42 (0)              ; 0 (0)                     ; 0                 ; 0          ; 0    ; 0            ; |Lab3_ZHANG_David|lpm_divide:Div0                                                                                 ; lpm_divide          ; work         ;
;       |lpm_divide_4am:auto_generated|  ; 42 (0)              ; 0 (0)                     ; 0                 ; 0          ; 0    ; 0            ; |Lab3_ZHANG_David|lpm_divide:Div0|lpm_divide_4am:auto_generated                                                   ; lpm_divide_4am      ; work         ;
;          |sign_div_unsign_akh:divider| ; 42 (0)              ; 0 (0)                     ; 0                 ; 0          ; 0    ; 0            ; |Lab3_ZHANG_David|lpm_divide:Div0|lpm_divide_4am:auto_generated|sign_div_unsign_akh:divider                       ; sign_div_unsign_akh ; work         ;
;             |alt_u_div_qse:divider|    ; 42 (42)             ; 0 (0)                     ; 0                 ; 0          ; 0    ; 0            ; |Lab3_ZHANG_David|lpm_divide:Div0|lpm_divide_4am:auto_generated|sign_div_unsign_akh:divider|alt_u_div_qse:divider ; alt_u_div_qse       ; work         ;
;    |lpm_divide:Mod0|                   ; 42 (0)              ; 0 (0)                     ; 0                 ; 0          ; 0    ; 0            ; |Lab3_ZHANG_David|lpm_divide:Mod0                                                                                 ; lpm_divide          ; work         ;
;       |lpm_divide_72m:auto_generated|  ; 42 (0)              ; 0 (0)                     ; 0                 ; 0          ; 0    ; 0            ; |Lab3_ZHANG_David|lpm_divide:Mod0|lpm_divide_72m:auto_generated                                                   ; lpm_divide_72m      ; work         ;
;          |sign_div_unsign_akh:divider| ; 42 (0)              ; 0 (0)                     ; 0                 ; 0          ; 0    ; 0            ; |Lab3_ZHANG_David|lpm_divide:Mod0|lpm_divide_72m:auto_generated|sign_div_unsign_akh:divider                       ; sign_div_unsign_akh ; work         ;
;             |alt_u_div_qse:divider|    ; 42 (42)             ; 0 (0)                     ; 0                 ; 0          ; 0    ; 0            ; |Lab3_ZHANG_David|lpm_divide:Mod0|lpm_divide_72m:auto_generated|sign_div_unsign_akh:divider|alt_u_div_qse:divider ; alt_u_div_qse       ; work         ;
;    |mux_2to1:scoreOnes|                ; 7 (7)               ; 0 (0)                     ; 0                 ; 0          ; 0    ; 0            ; |Lab3_ZHANG_David|mux_2to1:scoreOnes                                                                              ; mux_2to1            ; work         ;
;    |oneSecondTimer:internalTimer|      ; 42 (23)             ; 31 (18)                   ; 0                 ; 0          ; 0    ; 0            ; |Lab3_ZHANG_David|oneSecondTimer:internalTimer                                                                    ; oneSecondTimer      ; work         ;
;       |countTo100:counter|             ; 19 (12)             ; 13 (8)                    ; 0                 ; 0          ; 0    ; 0            ; |Lab3_ZHANG_David|oneSecondTimer:internalTimer|countTo100:counter                                                 ; countTo100          ; work         ;
;          |countTo10:counter|           ; 7 (7)               ; 5 (5)                     ; 0                 ; 0          ; 0    ; 0            ; |Lab3_ZHANG_David|oneSecondTimer:internalTimer|countTo100:counter|countTo10:counter                               ; countTo10           ; work         ;
+----------------------------------------+---------------------+---------------------------+-------------------+------------+------+--------------+-------------------------------------------------------------------------------------------------------------------+---------------------+--------------+
Note: For table entries with two numbers listed, the numbers in parentheses indicate the number of resources of the given type used by the specific entity alone. The numbers listed outside of parentheses indicate the total resources of the given type used by the specific entity and all of its sub-entities in the hierarchy.


Encoding Type:  One-Hot
+-------------------------------------------------------------------------------------------------------------------------------------------------------------------------------------+
; State Machine - |Lab3_ZHANG_David|AccessController:MASTER|State                                                                                                                     ;
+----------------------+----------------------+--------------------+----------------------+--------------+--------------+--------------+--------------+--------------+----------------+
; Name                 ; State.GAMEINPROGRESS ; State.PREGAMESTART ; State.RECONFIG_TIMER ; State.VERIFY ; State.DIGIT3 ; State.DIGIT2 ; State.DIGIT1 ; State.DIGIT0 ; State.GAMEOVER ;
+----------------------+----------------------+--------------------+----------------------+--------------+--------------+--------------+--------------+--------------+----------------+
; State.DIGIT0         ; 0                    ; 0                  ; 0                    ; 0            ; 0            ; 0            ; 0            ; 0            ; 0              ;
; State.DIGIT1         ; 0                    ; 0                  ; 0                    ; 0            ; 0            ; 0            ; 1            ; 1            ; 0              ;
; State.DIGIT2         ; 0                    ; 0                  ; 0                    ; 0            ; 0            ; 1            ; 0            ; 1            ; 0              ;
; State.DIGIT3         ; 0                    ; 0                  ; 0                    ; 0            ; 1            ; 0            ; 0            ; 1            ; 0              ;
; State.VERIFY         ; 0                    ; 0                  ; 0                    ; 1            ; 0            ; 0            ; 0            ; 1            ; 0              ;
; State.RECONFIG_TIMER ; 0                    ; 0                  ; 1                    ; 0            ; 0            ; 0            ; 0            ; 1            ; 0              ;
; State.PREGAMESTART   ; 0                    ; 1                  ; 0                    ; 0            ; 0            ; 0            ; 0            ; 1            ; 0              ;
; State.GAMEINPROGRESS ; 1                    ; 0                  ; 0                    ; 0            ; 0            ; 0            ; 0            ; 1            ; 0              ;
; State.GAMEOVER       ; 0                    ; 0                  ; 0                    ; 0            ; 0            ; 0            ; 0            ; 1            ; 1              ;
+----------------------+----------------------+--------------------+----------------------+--------------+--------------+--------------+--------------+--------------+----------------+


Encoding Type:  One-Hot
+----------------------------------------------------------+
; State Machine - |Lab3_ZHANG_David|ButtonShaper:BSC|State ;
+-------------+------------+------------+------------------+
; Name        ; State.INIT ; State.WAIT ; State.PULSE      ;
+-------------+------------+------------+------------------+
; State.INIT  ; 0          ; 0          ; 0                ;
; State.PULSE ; 1          ; 0          ; 1                ;
; State.WAIT  ; 1          ; 1          ; 0                ;
+-------------+------------+------------+------------------+


Encoding Type:  One-Hot
+----------------------------------------------------------+
; State Machine - |Lab3_ZHANG_David|ButtonShaper:BSP|State ;
+-------------+------------+------------+------------------+
; Name        ; State.INIT ; State.WAIT ; State.PULSE      ;
+-------------+------------+------------+------------------+
; State.INIT  ; 0          ; 0          ; 0                ;
; State.PULSE ; 1          ; 0          ; 1                ;
; State.WAIT  ; 1          ; 1          ; 0                ;
+-------------+------------+------------+------------------+


Encoding Type:  One-Hot
+----------------------------------------------------------+
; State Machine - |Lab3_ZHANG_David|ButtonShaper:BS1|State ;
+-------------+------------+------------+------------------+
; Name        ; State.INIT ; State.WAIT ; State.PULSE      ;
+-------------+------------+------------+------------------+
; State.INIT  ; 0          ; 0          ; 0                ;
; State.PULSE ; 1          ; 0          ; 1                ;
; State.WAIT  ; 1          ; 1          ; 0                ;
+-------------+------------+------------+------------------+


+--------------------------------------------------------------------------------------------------------------------------+
; Registers Removed During Synthesis                                                                                       ;
+-------------------------------------------------------------------------+------------------------------------------------+
; Register name                                                           ; Reason for Removal                             ;
+-------------------------------------------------------------------------+------------------------------------------------+
; dummySignal[0..6]                                                       ; Stuck at VCC due to stuck port data_in         ;
; hundreds_tensB                                                          ; Stuck at VCC due to stuck port data_in         ;
; oneSecondTimer:internalTimer|countTo100:counter|State                   ; Merged with oneSecondTimer:internalTimer|State ;
; oneSecondTimer:internalTimer|countTo100:counter|countTo10:counter|State ; Merged with oneSecondTimer:internalTimer|State ;
; AccessController:MASTER|State~11                                        ; Lost fanout                                    ;
; AccessController:MASTER|State~12                                        ; Lost fanout                                    ;
; AccessController:MASTER|State~13                                        ; Lost fanout                                    ;
; ButtonShaper:BSC|State~4                                                ; Lost fanout                                    ;
; ButtonShaper:BSP|State~4                                                ; Lost fanout                                    ;
; ButtonShaper:BS1|State~4                                                ; Lost fanout                                    ;
; ButtonShaper:BSC|State.WAIT                                             ; Lost fanout                                    ;
; ButtonShaper:BSP|State.WAIT                                             ; Lost fanout                                    ;
; ButtonShaper:BS1|State.WAIT                                             ; Lost fanout                                    ;
; Total Number of Removed Registers = 19                                  ;                                                ;
+-------------------------------------------------------------------------+------------------------------------------------+


+------------------------------------------------------+
; General Register Statistics                          ;
+----------------------------------------------+-------+
; Statistic                                    ; Value ;
+----------------------------------------------+-------+
; Total registers                              ; 88    ;
; Number of registers using Synchronous Clear  ; 55    ;
; Number of registers using Synchronous Load   ; 11    ;
; Number of registers using Asynchronous Clear ; 0     ;
; Number of registers using Asynchronous Load  ; 0     ;
; Number of registers using Clock Enable       ; 45    ;
; Number of registers using Preset             ; 0     ;
+----------------------------------------------+-------+


+---------------------------------------------------------------------------------------------------------------------------------------------------------------------------------------------------------------------+
; Multiplexer Restructuring Statistics (Restructuring Performed)                                                                                                                                                      ;
+--------------------+-----------+---------------+----------------------+------------------------+------------+-------------------------------------------------------------------------------------------------------+
; Multiplexer Inputs ; Bus Width ; Baseline Area ; Area if Restructured ; Saving if Restructured ; Registered ; Example Multiplexer Output                                                                            ;
+--------------------+-----------+---------------+----------------------+------------------------+------------+-------------------------------------------------------------------------------------------------------+
; 3:1                ; 4 bits    ; 8 LEs         ; 4 LEs                ; 4 LEs                  ; Yes        ; |Lab3_ZHANG_David|LoadRegister:LR1|D_out[1]                                                           ;
; 4:1                ; 7 bits    ; 14 LEs        ; 14 LEs               ; 0 LEs                  ; Yes        ; |Lab3_ZHANG_David|scoreCounterTotal[5]                                                                ;
; 4:1                ; 4 bits    ; 8 LEs         ; 8 LEs                ; 0 LEs                  ; Yes        ; |Lab3_ZHANG_David|RNG:RNGesus|rngOut[0]                                                               ;
; 4:1                ; 2 bits    ; 4 LEs         ; 4 LEs                ; 0 LEs                  ; Yes        ; |Lab3_ZHANG_David|digitTimer:TensDigit|numOut[0]                                                      ;
; 4:1                ; 2 bits    ; 4 LEs         ; 4 LEs                ; 0 LEs                  ; Yes        ; |Lab3_ZHANG_David|digitTimer:TensDigit|numOut[1]                                                      ;
; 5:1                ; 16 bits   ; 48 LEs        ; 0 LEs                ; 48 LEs                 ; Yes        ; |Lab3_ZHANG_David|oneSecondTimer:internalTimer|rollingCounter[15]                                     ;
; 5:1                ; 7 bits    ; 21 LEs        ; 14 LEs               ; 7 LEs                  ; Yes        ; |Lab3_ZHANG_David|oneSecondTimer:internalTimer|countTo100:counter|rollingCounter[1]                   ;
; 5:1                ; 4 bits    ; 12 LEs        ; 8 LEs                ; 4 LEs                  ; Yes        ; |Lab3_ZHANG_David|oneSecondTimer:internalTimer|countTo100:counter|countTo10:counter|rollingCounter[0] ;
; 5:1                ; 2 bits    ; 6 LEs         ; 4 LEs                ; 2 LEs                  ; Yes        ; |Lab3_ZHANG_David|digitTimer:OnesDigit|numOut[3]                                                      ;
; 5:1                ; 2 bits    ; 6 LEs         ; 4 LEs                ; 2 LEs                  ; Yes        ; |Lab3_ZHANG_David|digitTimer:OnesDigit|numOut[1]                                                      ;
+--------------------+-----------+---------------+----------------------+------------------------+------------+-------------------------------------------------------------------------------------------------------+


+---------------------------------------------------------------+
; Parameter Settings for User Entity Instance: ButtonShaper:BS1 ;
+----------------+-------+--------------------------------------+
; Parameter Name ; Value ; Type                                 ;
+----------------+-------+--------------------------------------+
; INIT           ; 0     ; Signed Integer                       ;
; PULSE          ; 1     ; Signed Integer                       ;
; WAIT           ; 2     ; Signed Integer                       ;
+----------------+-------+--------------------------------------+
Note: In order to hide this table in the UI and the text report file, please set the "Show Parameter Settings in Synthesis Report" option in "Analysis and Synthesis Settings -> More Settings" to "Off".


+---------------------------------------------------------------+
; Parameter Settings for User Entity Instance: ButtonShaper:BSP ;
+----------------+-------+--------------------------------------+
; Parameter Name ; Value ; Type                                 ;
+----------------+-------+--------------------------------------+
; INIT           ; 0     ; Signed Integer                       ;
; PULSE          ; 1     ; Signed Integer                       ;
; WAIT           ; 2     ; Signed Integer                       ;
+----------------+-------+--------------------------------------+
Note: In order to hide this table in the UI and the text report file, please set the "Show Parameter Settings in Synthesis Report" option in "Analysis and Synthesis Settings -> More Settings" to "Off".


+---------------------------------------------------------------+
; Parameter Settings for User Entity Instance: ButtonShaper:BSC ;
+----------------+-------+--------------------------------------+
; Parameter Name ; Value ; Type                                 ;
+----------------+-------+--------------------------------------+
; INIT           ; 0     ; Signed Integer                       ;
; PULSE          ; 1     ; Signed Integer                       ;
; WAIT           ; 2     ; Signed Integer                       ;
+----------------+-------+--------------------------------------+
Note: In order to hide this table in the UI and the text report file, please set the "Show Parameter Settings in Synthesis Report" option in "Analysis and Synthesis Settings -> More Settings" to "Off".


+----------------------------------------------------------------------+
; Parameter Settings for User Entity Instance: AccessController:MASTER ;
+----------------+-------+---------------------------------------------+
; Parameter Name ; Value ; Type                                        ;
+----------------+-------+---------------------------------------------+
; DIGIT0         ; 0     ; Signed Integer                              ;
; DIGIT1         ; 1     ; Signed Integer                              ;
; DIGIT2         ; 2     ; Signed Integer                              ;
; DIGIT3         ; 3     ; Signed Integer                              ;
; VERIFY         ; 4     ; Signed Integer                              ;
; RECONFIG_TIMER ; 5     ; Signed Integer                              ;
; PREGAMESTART   ; 6     ; Signed Integer                              ;
; GAMEINPROGRESS ; 7     ; Signed Integer                              ;
; GAMEOVER       ; 8     ; Signed Integer                              ;
+----------------+-------+---------------------------------------------+
Note: In order to hide this table in the UI and the text report file, please set the "Show Parameter Settings in Synthesis Report" option in "Analysis and Synthesis Settings -> More Settings" to "Off".


+---------------------------------------------------------------------------+
; Parameter Settings for User Entity Instance: oneSecondTimer:internalTimer ;
+----------------+-------+--------------------------------------------------+
; Parameter Name ; Value ; Type                                             ;
+----------------+-------+--------------------------------------------------+
; OFF            ; 0     ; Signed Integer                                   ;
; ON             ; 1     ; Signed Integer                                   ;
+----------------+-------+--------------------------------------------------+
Note: In order to hide this table in the UI and the text report file, please set the "Show Parameter Settings in Synthesis Report" option in "Analysis and Synthesis Settings -> More Settings" to "Off".


+----------------------------------------------------------------------------------------------+
; Parameter Settings for User Entity Instance: oneSecondTimer:internalTimer|countTo100:counter ;
+----------------+-------+---------------------------------------------------------------------+
; Parameter Name ; Value ; Type                                                                ;
+----------------+-------+---------------------------------------------------------------------+
; OFF            ; 0     ; Signed Integer                                                      ;
; ON             ; 1     ; Signed Integer                                                      ;
+----------------+-------+---------------------------------------------------------------------+
Note: In order to hide this table in the UI and the text report file, please set the "Show Parameter Settings in Synthesis Report" option in "Analysis and Synthesis Settings -> More Settings" to "Off".


+----------------------------------------------------------------------------------------------------------------+
; Parameter Settings for User Entity Instance: oneSecondTimer:internalTimer|countTo100:counter|countTo10:counter ;
+----------------+-------+---------------------------------------------------------------------------------------+
; Parameter Name ; Value ; Type                                                                                  ;
+----------------+-------+---------------------------------------------------------------------------------------+
; OFF            ; 0     ; Signed Integer                                                                        ;
; ON             ; 1     ; Signed Integer                                                                        ;
+----------------+-------+---------------------------------------------------------------------------------------+
Note: In order to hide this table in the UI and the text report file, please set the "Show Parameter Settings in Synthesis Report" option in "Analysis and Synthesis Settings -> More Settings" to "Off".


+------------------------------------------------------------------+
; Parameter Settings for Inferred Entity Instance: lpm_divide:Mod0 ;
+------------------------+----------------+------------------------+
; Parameter Name         ; Value          ; Type                   ;
+------------------------+----------------+------------------------+
; LPM_WIDTHN             ; 7              ; Untyped                ;
; LPM_WIDTHD             ; 4              ; Untyped                ;
; LPM_NREPRESENTATION    ; UNSIGNED       ; Untyped                ;
; LPM_DREPRESENTATION    ; UNSIGNED       ; Untyped                ;
; LPM_PIPELINE           ; 0              ; Untyped                ;
; LPM_REMAINDERPOSITIVE  ; TRUE           ; Untyped                ;
; MAXIMIZE_SPEED         ; 5              ; Untyped                ;
; CBXI_PARAMETER         ; lpm_divide_72m ; Untyped                ;
; CARRY_CHAIN            ; MANUAL         ; Untyped                ;
; OPTIMIZE_FOR_SPEED     ; 5              ; Untyped                ;
; AUTO_CARRY_CHAINS      ; ON             ; AUTO_CARRY             ;
; IGNORE_CARRY_BUFFERS   ; OFF            ; IGNORE_CARRY           ;
; AUTO_CASCADE_CHAINS    ; ON             ; AUTO_CASCADE           ;
; IGNORE_CASCADE_BUFFERS ; OFF            ; IGNORE_CASCADE         ;
+------------------------+----------------+------------------------+
Note: In order to hide this table in the UI and the text report file, please set the "Show Parameter Settings in Synthesis Report" option in "Analysis and Synthesis Settings -> More Settings" to "Off".


+------------------------------------------------------------------+
; Parameter Settings for Inferred Entity Instance: lpm_divide:Div0 ;
+------------------------+----------------+------------------------+
; Parameter Name         ; Value          ; Type                   ;
+------------------------+----------------+------------------------+
; LPM_WIDTHN             ; 7              ; Untyped                ;
; LPM_WIDTHD             ; 4              ; Untyped                ;
; LPM_NREPRESENTATION    ; UNSIGNED       ; Untyped                ;
; LPM_DREPRESENTATION    ; UNSIGNED       ; Untyped                ;
; LPM_PIPELINE           ; 0              ; Untyped                ;
; LPM_REMAINDERPOSITIVE  ; TRUE           ; Untyped                ;
; MAXIMIZE_SPEED         ; 5              ; Untyped                ;
; CBXI_PARAMETER         ; lpm_divide_4am ; Untyped                ;
; CARRY_CHAIN            ; MANUAL         ; Untyped                ;
; OPTIMIZE_FOR_SPEED     ; 5              ; Untyped                ;
; AUTO_CARRY_CHAINS      ; ON             ; AUTO_CARRY             ;
; IGNORE_CARRY_BUFFERS   ; OFF            ; IGNORE_CARRY           ;
; AUTO_CASCADE_CHAINS    ; ON             ; AUTO_CASCADE           ;
; IGNORE_CASCADE_BUFFERS ; OFF            ; IGNORE_CASCADE         ;
+------------------------+----------------+------------------------+
Note: In order to hide this table in the UI and the text report file, please set the "Show Parameter Settings in Synthesis Report" option in "Analysis and Synthesis Settings -> More Settings" to "Off".


+----------------------------------------------------------------------------------------------------------------------+
; Port Connectivity Checks: "digitTimer:TensDigit"                                                                     ;
+------------+--------+----------+-------------------------------------------------------------------------------------+
; Port       ; Type   ; Severity ; Details                                                                             ;
+------------+--------+----------+-------------------------------------------------------------------------------------+
; DecrementU ; Output ; Info     ; Connected to dangling logic. Logic that only feeds a dangling port will be removed. ;
+------------+--------+----------+-------------------------------------------------------------------------------------+


+-----------------------------------------------------+
; Post-Synthesis Netlist Statistics for Top Partition ;
+-----------------------+-----------------------------+
; Type                  ; Count                       ;
+-----------------------+-----------------------------+
; arriav_ff             ; 88                          ;
;     ENA               ; 15                          ;
;     ENA SCLR          ; 23                          ;
;     ENA SCLR SLD      ; 7                           ;
;     SCLR              ; 24                          ;
;     SCLR SLD          ; 1                           ;
;     SLD               ; 3                           ;
;     plain             ; 15                          ;
; arriav_lcell_comb     ; 249                         ;
;     arith             ; 76                          ;
;         0 data inputs ; 12                          ;
;         1 data inputs ; 36                          ;
;         2 data inputs ; 8                           ;
;         3 data inputs ; 16                          ;
;         4 data inputs ; 4                           ;
;     extend            ; 1                           ;
;         7 data inputs ; 1                           ;
;     normal            ; 162                         ;
;         0 data inputs ; 1                           ;
;         1 data inputs ; 11                          ;
;         2 data inputs ; 30                          ;
;         3 data inputs ; 23                          ;
;         4 data inputs ; 52                          ;
;         5 data inputs ; 21                          ;
;         6 data inputs ; 24                          ;
;     shared            ; 10                          ;
;         0 data inputs ; 2                           ;
;         1 data inputs ; 8                           ;
; boundary_port         ; 59                          ;
;                       ;                             ;
; Max LUT depth         ; 7.50                        ;
; Average LUT depth     ; 3.29                        ;
+-----------------------+-----------------------------+


+-------------------------------+
; Elapsed Time Per Partition    ;
+----------------+--------------+
; Partition Name ; Elapsed Time ;
+----------------+--------------+
; Top            ; 00:00:02     ;
+----------------+--------------+


+-------------------------------+
; Analysis & Synthesis Messages ;
+-------------------------------+
Info: *******************************************************************
Info: Running Quartus Prime Analysis & Synthesis
    Info: Version 20.1.0 Build 711 06/05/2020 SJ Lite Edition
    Info: Processing started: Thu Mar 09 18:37:13 2023
Info: Command: quartus_map --read_settings_files=on --write_settings_files=off Lab3_ZHANG_David -c Lab3_ZHANG_David
Warning (18236): Number of processors has not been specified which may cause overloading on shared machines.  Set the global assignment NUM_PARALLEL_PROCESSORS in your QSF to an appropriate value for best performance.
Info (20030): Parallel compilation is enabled and will use 6 of the 6 processors detected
Info (12021): Found 1 design units, including 1 entities, in source file /add_demos/lab3_zhang_david/src/rng.v
    Info (12023): Found entity 1: RNG File: D:/ADD_Demos/Lab3_ZHANG_David/src/RNG.v Line: 11
Info (12021): Found 1 design units, including 1 entities, in source file /add_demos/lab3_zhang_david/src/loadregister.v
    Info (12023): Found entity 1: LoadRegister File: D:/ADD_Demos/Lab3_ZHANG_David/src/LoadRegister.v Line: 1
Info (12021): Found 1 design units, including 1 entities, in source file /add_demos/lab3_zhang_david/src/digittimer.v
    Info (12023): Found entity 1: digitTimer File: D:/ADD_Demos/Lab3_ZHANG_David/src/digitTimer.v Line: 10
Info (12021): Found 1 design units, including 1 entities, in source file /add_demos/lab3_zhang_david/src/decoder7seg.v
    Info (12023): Found entity 1: Decoder7Seg File: D:/ADD_Demos/Lab3_ZHANG_David/src/Decoder7Seg.v Line: 1
Info (12021): Found 1 design units, including 1 entities, in source file /add_demos/lab3_zhang_david/src/buttonshaper.v
    Info (12023): Found entity 1: ButtonShaper File: D:/ADD_Demos/Lab3_ZHANG_David/src/ButtonShaper.v Line: 1
Info (12021): Found 1 design units, including 1 entities, in source file /add_demos/lab3_zhang_david/src/adder4bit.v
    Info (12023): Found entity 1: Adder4Bit File: D:/ADD_Demos/Lab3_ZHANG_David/src/Adder4Bit.v Line: 1
Info (12021): Found 1 design units, including 1 entities, in source file /add_demos/lab3_zhang_david/lab3_zhang_david.v
    Info (12023): Found entity 1: Lab3_ZHANG_David File: D:/ADD_Demos/Lab3_ZHANG_David/Lab3_ZHANG_David.v Line: 9
Info (12021): Found 1 design units, including 1 entities, in source file /add_demos/lab3_zhang_david/sim_mux/mux_2to1.v
    Info (12023): Found entity 1: mux_2to1 File: D:/ADD_Demos/Lab3_ZHANG_David/sim_mux/mux_2to1.v Line: 9
Info (12021): Found 1 design units, including 1 entities, in source file countto100.v
    Info (12023): Found entity 1: countTo100 File: D:/ADD_Demos/Lab3_ZHANG_David/syn/countTo100.v Line: 9
Info (12021): Found 1 design units, including 1 entities, in source file countto10.v
    Info (12023): Found entity 1: countTo10 File: D:/ADD_Demos/Lab3_ZHANG_David/syn/countTo10.v Line: 9
Info (12021): Found 1 design units, including 1 entities, in source file accesscontroller.v
    Info (12023): Found entity 1: AccessController File: D:/ADD_Demos/Lab3_ZHANG_David/syn/AccessController.v Line: 9
Info (12021): Found 1 design units, including 1 entities, in source file 1sectimer.v
    Info (12023): Found entity 1: oneSecondTimer File: D:/ADD_Demos/Lab3_ZHANG_David/syn/1secTimer.v Line: 9
Info (12127): Elaborating entity "Lab3_ZHANG_David" for the top level hierarchy
Warning (10235): Verilog HDL Always Construct warning at Lab3_ZHANG_David.v(68): variable "AdderOutput" is read inside the Always Construct but isn't in the Always Construct's Event Control File: D:/ADD_Demos/Lab3_ZHANG_David/Lab3_ZHANG_David.v Line: 68
Warning (10230): Verilog HDL assignment warning at Lab3_ZHANG_David.v(86): truncated value with size 7 to match size of target (4) File: D:/ADD_Demos/Lab3_ZHANG_David/Lab3_ZHANG_David.v Line: 86
Warning (10230): Verilog HDL assignment warning at Lab3_ZHANG_David.v(87): truncated value with size 7 to match size of target (4) File: D:/ADD_Demos/Lab3_ZHANG_David/Lab3_ZHANG_David.v Line: 87
Warning (10230): Verilog HDL assignment warning at Lab3_ZHANG_David.v(90): truncated value with size 32 to match size of target (7) File: D:/ADD_Demos/Lab3_ZHANG_David/Lab3_ZHANG_David.v Line: 90
Info (12128): Elaborating entity "ButtonShaper" for hierarchy "ButtonShaper:BS1" File: D:/ADD_Demos/Lab3_ZHANG_David/Lab3_ZHANG_David.v Line: 36
Info (12128): Elaborating entity "LoadRegister" for hierarchy "LoadRegister:LR1" File: D:/ADD_Demos/Lab3_ZHANG_David/Lab3_ZHANG_David.v Line: 41
Info (12128): Elaborating entity "RNG" for hierarchy "RNG:RNGesus" File: D:/ADD_Demos/Lab3_ZHANG_David/Lab3_ZHANG_David.v Line: 43
Info (12128): Elaborating entity "Decoder7Seg" for hierarchy "Decoder7Seg:P1D" File: D:/ADD_Demos/Lab3_ZHANG_David/Lab3_ZHANG_David.v Line: 46
Info (12128): Elaborating entity "Adder4Bit" for hierarchy "Adder4Bit:SUM" File: D:/ADD_Demos/Lab3_ZHANG_David/Lab3_ZHANG_David.v Line: 55
Info (12128): Elaborating entity "AccessController" for hierarchy "AccessController:MASTER" File: D:/ADD_Demos/Lab3_ZHANG_David/Lab3_ZHANG_David.v Line: 57
Info (12128): Elaborating entity "oneSecondTimer" for hierarchy "oneSecondTimer:internalTimer" File: D:/ADD_Demos/Lab3_ZHANG_David/Lab3_ZHANG_David.v Line: 59
Warning (10230): Verilog HDL assignment warning at 1secTimer.v(24): truncated value with size 32 to match size of target (1) File: D:/ADD_Demos/Lab3_ZHANG_David/syn/1secTimer.v Line: 24
Warning (10230): Verilog HDL assignment warning at 1secTimer.v(32): truncated value with size 32 to match size of target (1) File: D:/ADD_Demos/Lab3_ZHANG_David/syn/1secTimer.v Line: 32
Warning (10230): Verilog HDL assignment warning at 1secTimer.v(53): truncated value with size 32 to match size of target (1) File: D:/ADD_Demos/Lab3_ZHANG_David/syn/1secTimer.v Line: 53
Warning (10230): Verilog HDL assignment warning at 1secTimer.v(58): truncated value with size 32 to match size of target (1) File: D:/ADD_Demos/Lab3_ZHANG_David/syn/1secTimer.v Line: 58
Info (12128): Elaborating entity "countTo100" for hierarchy "oneSecondTimer:internalTimer|countTo100:counter" File: D:/ADD_Demos/Lab3_ZHANG_David/syn/1secTimer.v Line: 18
Warning (10230): Verilog HDL assignment warning at countTo100.v(24): truncated value with size 32 to match size of target (1) File: D:/ADD_Demos/Lab3_ZHANG_David/syn/countTo100.v Line: 24
Warning (10230): Verilog HDL assignment warning at countTo100.v(32): truncated value with size 32 to match size of target (1) File: D:/ADD_Demos/Lab3_ZHANG_David/syn/countTo100.v Line: 32
Warning (10230): Verilog HDL assignment warning at countTo100.v(53): truncated value with size 32 to match size of target (1) File: D:/ADD_Demos/Lab3_ZHANG_David/syn/countTo100.v Line: 53
Warning (10230): Verilog HDL assignment warning at countTo100.v(58): truncated value with size 32 to match size of target (1) File: D:/ADD_Demos/Lab3_ZHANG_David/syn/countTo100.v Line: 58
Info (12128): Elaborating entity "countTo10" for hierarchy "oneSecondTimer:internalTimer|countTo100:counter|countTo10:counter" File: D:/ADD_Demos/Lab3_ZHANG_David/syn/countTo100.v Line: 18
Warning (10230): Verilog HDL assignment warning at countTo10.v(22): truncated value with size 32 to match size of target (1) File: D:/ADD_Demos/Lab3_ZHANG_David/syn/countTo10.v Line: 22
Warning (10230): Verilog HDL assignment warning at countTo10.v(30): truncated value with size 32 to match size of target (1) File: D:/ADD_Demos/Lab3_ZHANG_David/syn/countTo10.v Line: 30
Warning (10230): Verilog HDL assignment warning at countTo10.v(46): truncated value with size 32 to match size of target (1) File: D:/ADD_Demos/Lab3_ZHANG_David/syn/countTo10.v Line: 46
Warning (10230): Verilog HDL assignment warning at countTo10.v(51): truncated value with size 32 to match size of target (1) File: D:/ADD_Demos/Lab3_ZHANG_David/syn/countTo10.v Line: 51
Info (12128): Elaborating entity "digitTimer" for hierarchy "digitTimer:OnesDigit" File: D:/ADD_Demos/Lab3_ZHANG_David/Lab3_ZHANG_David.v Line: 60
Info (12128): Elaborating entity "mux_2to1" for hierarchy "mux_2to1:scoreTens" File: D:/ADD_Demos/Lab3_ZHANG_David/Lab3_ZHANG_David.v Line: 63
Info (278001): Inferred 2 megafunctions from design logic
    Info (278004): Inferred divider/modulo megafunction ("lpm_divide") from the following logic: "Mod0" File: D:/ADD_Demos/Lab3_ZHANG_David/Lab3_ZHANG_David.v Line: 87
    Info (278004): Inferred divider/modulo megafunction ("lpm_divide") from the following logic: "Div0" File: D:/ADD_Demos/Lab3_ZHANG_David/Lab3_ZHANG_David.v Line: 86
Info (12130): Elaborated megafunction instantiation "lpm_divide:Mod0" File: D:/ADD_Demos/Lab3_ZHANG_David/Lab3_ZHANG_David.v Line: 87
Info (12133): Instantiated megafunction "lpm_divide:Mod0" with the following parameter: File: D:/ADD_Demos/Lab3_ZHANG_David/Lab3_ZHANG_David.v Line: 87
    Info (12134): Parameter "LPM_WIDTHN" = "7"
    Info (12134): Parameter "LPM_WIDTHD" = "4"
    Info (12134): Parameter "LPM_NREPRESENTATION" = "UNSIGNED"
    Info (12134): Parameter "LPM_DREPRESENTATION" = "UNSIGNED"
Info (12021): Found 1 design units, including 1 entities, in source file db/lpm_divide_72m.tdf
    Info (12023): Found entity 1: lpm_divide_72m File: D:/ADD_Demos/Lab3_ZHANG_David/syn/db/lpm_divide_72m.tdf Line: 25
Info (12021): Found 1 design units, including 1 entities, in source file db/sign_div_unsign_akh.tdf
    Info (12023): Found entity 1: sign_div_unsign_akh File: D:/ADD_Demos/Lab3_ZHANG_David/syn/db/sign_div_unsign_akh.tdf Line: 25
Info (12021): Found 1 design units, including 1 entities, in source file db/alt_u_div_qse.tdf
    Info (12023): Found entity 1: alt_u_div_qse File: D:/ADD_Demos/Lab3_ZHANG_David/syn/db/alt_u_div_qse.tdf Line: 23
Info (12130): Elaborated megafunction instantiation "lpm_divide:Div0" File: D:/ADD_Demos/Lab3_ZHANG_David/Lab3_ZHANG_David.v Line: 86
Info (12133): Instantiated megafunction "lpm_divide:Div0" with the following parameter: File: D:/ADD_Demos/Lab3_ZHANG_David/Lab3_ZHANG_David.v Line: 86
    Info (12134): Parameter "LPM_WIDTHN" = "7"
    Info (12134): Parameter "LPM_WIDTHD" = "4"
    Info (12134): Parameter "LPM_NREPRESENTATION" = "UNSIGNED"
    Info (12134): Parameter "LPM_DREPRESENTATION" = "UNSIGNED"
Info (12021): Found 1 design units, including 1 entities, in source file db/lpm_divide_4am.tdf
    Info (12023): Found entity 1: lpm_divide_4am File: D:/ADD_Demos/Lab3_ZHANG_David/syn/db/lpm_divide_4am.tdf Line: 25
Info (286030): Timing-Driven Synthesis is running
Info (17049): 9 registers lost all their fanouts during netlist optimizations.
Info (144001): Generated suppressed messages file D:/ADD_Demos/Lab3_ZHANG_David/syn/output_files/Lab3_ZHANG_David.map.smsg
Info (16010): Generating hard_block partition "hard_block:auto_generated_inst"
    Info (16011): Adding 0 node(s), including 0 DDIO, 0 PLL, 0 transceiver and 0 LCELL
Info (21057): Implemented 304 device resources after synthesis - the final resource count might be different
    Info (21058): Implemented 13 input pins
    Info (21059): Implemented 46 output pins
    Info (21061): Implemented 245 logic cells
Info: Quartus Prime Analysis & Synthesis was successful. 0 errors, 17 warnings
    Info: Peak virtual memory: 4842 megabytes
    Info: Processing ended: Thu Mar 09 18:37:26 2023
    Info: Elapsed time: 00:00:13
    Info: Total CPU time (on all processors): 00:00:17


+------------------------------------------+
; Analysis & Synthesis Suppressed Messages ;
+------------------------------------------+
The suppressed messages can be found in D:/ADD_Demos/Lab3_ZHANG_David/syn/output_files/Lab3_ZHANG_David.map.smsg.


